2018-06-29 11:00:52,579 INFO 8084 [Timer] E:\AAA2018\Now\weiwei\node_modules\egg-logrotator\app\schedule\clean_log.js next time will execute at 2018-06-30 00:00:00.000
2018-06-29 11:00:52,580 INFO 8084 [Timer] E:\AAA2018\Now\weiwei\node_modules\egg-logrotator\app\schedule\rotate_by_file.js next time will execute at 2018-06-30 00:00:01.000
2018-07-02 14:44:56,077 INFO 4800 [Timer] E:\AAA2018\Now\weiwei\node_modules\egg-logrotator\app\schedule\clean_log.js next time will execute at 2018-07-03 00:00:00.000
2018-07-02 14:44:56,077 INFO 4800 [Timer] E:\AAA2018\Now\weiwei\node_modules\egg-logrotator\app\schedule\rotate_by_file.js next time will execute at 2018-07-03 00:00:01.000
2018-07-02 17:15:34,872 INFO 17228 [Timer] E:\AAA2018\Now\weiwei\node_modules\egg-logrotator\app\schedule\clean_log.js next time will execute at 2018-07-03 00:00:00.000
2018-07-02 17:15:34,873 INFO 17228 [Timer] E:\AAA2018\Now\weiwei\node_modules\egg-logrotator\app\schedule\rotate_by_file.js next time will execute at 2018-07-03 00:00:01.000
2018-07-03 15:24:47,613 INFO 14816 [Timer] E:\AAA2018\Now\weiwei\node_modules\egg-logrotator\app\schedule\clean_log.js next time will execute at 2018-07-04 00:00:00.000
2018-07-03 15:24:47,613 INFO 14816 [Timer] E:\AAA2018\Now\weiwei\node_modules\egg-logrotator\app\schedule\rotate_by_file.js next time will execute at 2018-07-04 00:00:01.000
2018-07-03 16:06:10,219 INFO 16048 [Timer] E:\AAA2018\Now\weiwei\node_modules\egg-logrotator\app\schedule\clean_log.js next time will execute at 2018-07-04 00:00:00.000
2018-07-03 16:06:10,220 INFO 16048 [Timer] E:\AAA2018\Now\weiwei\node_modules\egg-logrotator\app\schedule\rotate_by_file.js next time will execute at 2018-07-04 00:00:01.000
2018-07-04 08:51:45,660 INFO 6712 [Timer] E:\AAA2018\Now\weiwei\node_modules\egg-logrotator\app\schedule\clean_log.js next time will execute at 2018-07-05 00:00:00.000
2018-07-04 08:51:45,661 INFO 6712 [Timer] E:\AAA2018\Now\weiwei\node_modules\egg-logrotator\app\schedule\rotate_by_file.js next time will execute at 2018-07-05 00:00:01.000
2018-07-09 08:54:01,817 INFO 9340 [Timer] E:\AAA2018\Now\weiwei\node_modules\egg-logrotator\app\schedule\clean_log.js next time will execute at 2018-07-10 00:00:00.000
2018-07-09 08:54:01,818 INFO 9340 [Timer] E:\AAA2018\Now\weiwei\node_modules\egg-logrotator\app\schedule\rotate_by_file.js next time will execute at 2018-07-10 00:00:01.000
2018-07-09 10:16:19,648 INFO 12080 [Timer] E:\AAA2018\Now\weiwei\node_modules\egg-logrotator\app\schedule\clean_log.js next time will execute at 2018-07-10 00:00:00.000
2018-07-09 10:16:19,648 INFO 12080 [Timer] E:\AAA2018\Now\weiwei\node_modules\egg-logrotator\app\schedule\rotate_by_file.js next time will execute at 2018-07-10 00:00:01.000
2018-07-09 11:00:31,781 INFO 3308 [Timer] E:\AAA2018\Now\weiwei\node_modules\egg-logrotator\app\schedule\clean_log.js next time will execute at 2018-07-10 00:00:00.000
2018-07-09 11:00:31,782 INFO 3308 [Timer] E:\AAA2018\Now\weiwei\node_modules\egg-logrotator\app\schedule\rotate_by_file.js next time will execute at 2018-07-10 00:00:01.000
2018-07-09 14:23:19,426 INFO 16352 [Timer] E:\AAA2018\Now\weiwei\node_modules\egg-logrotator\app\schedule\clean_log.js next time will execute at 2018-07-10 00:00:00.000
2018-07-09 14:23:19,427 INFO 16352 [Timer] E:\AAA2018\Now\weiwei\node_modules\egg-logrotator\app\schedule\rotate_by_file.js next time will execute at 2018-07-10 00:00:01.000
2018-07-09 15:30:43,465 INFO 6940 [Timer] E:\AAA2018\Now\weiwei\node_modules\egg-logrotator\app\schedule\clean_log.js next time will execute at 2018-07-10 00:00:00.000
2018-07-09 15:30:43,466 INFO 6940 [Timer] E:\AAA2018\Now\weiwei\node_modules\egg-logrotator\app\schedule\rotate_by_file.js next time will execute at 2018-07-10 00:00:01.000
2018-07-10 16:49:35,180 INFO 15184 [Timer] E:\AAA2018\Now\weiwei\node_modules\egg-logrotator\app\schedule\clean_log.js next time will execute at 2018-07-11 00:00:00.000
2018-07-10 16:49:35,181 INFO 15184 [Timer] E:\AAA2018\Now\weiwei\node_modules\egg-logrotator\app\schedule\rotate_by_file.js next time will execute at 2018-07-11 00:00:01.000
2018-07-18 13:32:35,381 INFO 3004 [Timer] E:\AAA2018\Now\weiwei\node_modules\egg-logrotator\app\schedule\clean_log.js next time will execute at 2018-07-19 00:00:00.000
2018-07-18 13:32:35,381 INFO 3004 [Timer] E:\AAA2018\Now\weiwei\node_modules\egg-logrotator\app\schedule\rotate_by_file.js next time will execute at 2018-07-19 00:00:01.000
2019-11-25 09:53:30,227 INFO 3099 [Timer] /Users/rich/2019/weiwei/weiwei/node_modules/egg-logrotator/app/schedule/clean_log.js next time will execute at 2019-11-26 00:00:00.000
2019-11-25 09:53:30,228 INFO 3099 [Timer] /Users/rich/2019/weiwei/weiwei/node_modules/egg-logrotator/app/schedule/rotate_by_file.js next time will execute at 2019-11-26 00:00:01.000
2020-11-13 13:59:24,378 INFO 38754 [egg-schedule]: register schedule /Users/rich/2020/rproject/weiwei/node_modules/egg-multipart/app/schedule/clean_tmpdir.js
2020-11-13 13:59:24,378 INFO 38754 [egg-schedule]: register schedule /Users/rich/2020/rproject/weiwei/node_modules/egg-logrotator/app/schedule/clean_log.js
2020-11-13 13:59:24,378 INFO 38754 [egg-schedule]: register schedule /Users/rich/2020/rproject/weiwei/node_modules/egg-logrotator/app/schedule/rotate_by_file.js
2020-11-13 14:01:22,864 INFO 39211 [egg-schedule]: register schedule /Users/rich/2020/rproject/weiwei/node_modules/egg-multipart/app/schedule/clean_tmpdir.js
2020-11-13 14:01:22,864 INFO 39211 [egg-schedule]: register schedule /Users/rich/2020/rproject/weiwei/node_modules/egg-logrotator/app/schedule/clean_log.js
2020-11-13 14:01:22,864 INFO 39211 [egg-schedule]: register schedule /Users/rich/2020/rproject/weiwei/node_modules/egg-logrotator/app/schedule/rotate_by_file.js
2020-11-13 14:01:23,376 INFO 39209 [Timer] /Users/rich/2020/rproject/weiwei/node_modules/egg-multipart/app/schedule/clean_tmpdir.js next time will execute after 52116626ms at 2020-11-14 04:30:00.002
2020-11-13 14:01:23,376 INFO 39209 [Timer] /Users/rich/2020/rproject/weiwei/node_modules/egg-logrotator/app/schedule/clean_log.js next time will execute after 35916624ms at 2020-11-14 00:00:00.000
2020-11-13 14:01:23,377 INFO 39209 [Timer] /Users/rich/2020/rproject/weiwei/node_modules/egg-logrotator/app/schedule/rotate_by_file.js next time will execute after 35917623ms at 2020-11-14 00:00:01.000
2020-11-15 22:18:44,990 INFO 57859 [egg-schedule]: register schedule /Users/rich/2020/rproject/weiwei/node_modules/egg-multipart/app/schedule/clean_tmpdir.js
2020-11-15 22:18:44,990 INFO 57859 [egg-schedule]: register schedule /Users/rich/2020/rproject/weiwei/node_modules/egg-logrotator/app/schedule/clean_log.js
2020-11-15 22:18:44,990 INFO 57859 [egg-schedule]: register schedule /Users/rich/2020/rproject/weiwei/node_modules/egg-logrotator/app/schedule/rotate_by_file.js
2020-11-15 22:18:45,442 INFO 57858 [Timer] /Users/rich/2020/rproject/weiwei/node_modules/egg-multipart/app/schedule/clean_tmpdir.js next time will execute after 22274560ms at 2020-11-16 04:30:00.002
2020-11-15 22:18:45,442 INFO 57858 [Timer] /Users/rich/2020/rproject/weiwei/node_modules/egg-logrotator/app/schedule/clean_log.js next time will execute after 6074558ms at 2020-11-16 00:00:00.000
2020-11-15 22:18:45,443 INFO 57858 [Timer] /Users/rich/2020/rproject/weiwei/node_modules/egg-logrotator/app/schedule/rotate_by_file.js next time will execute after 6075558ms at 2020-11-16 00:00:01.001
2020-12-11 11:55:50,399 INFO 8667 [egg-schedule]: register schedule /Users/rich/2020/rproject/weiwei/node_modules/egg-multipart/app/schedule/clean_tmpdir.js
2020-12-11 11:55:50,399 INFO 8667 [egg-schedule]: register schedule /Users/rich/2020/rproject/weiwei/node_modules/egg-logrotator/app/schedule/clean_log.js
2020-12-11 11:55:50,399 INFO 8667 [egg-schedule]: register schedule /Users/rich/2020/rproject/weiwei/node_modules/egg-logrotator/app/schedule/rotate_by_file.js
2020-12-11 11:55:50,914 INFO 8666 [Timer] /Users/rich/2020/rproject/weiwei/node_modules/egg-multipart/app/schedule/clean_tmpdir.js next time will execute after 59649088ms at 2020-12-12 04:30:00.002
2020-12-11 11:55:50,915 INFO 8666 [Timer] /Users/rich/2020/rproject/weiwei/node_modules/egg-logrotator/app/schedule/clean_log.js next time will execute after 43449086ms at 2020-12-12 00:00:00.001
2020-12-11 11:55:50,915 INFO 8666 [Timer] /Users/rich/2020/rproject/weiwei/node_modules/egg-logrotator/app/schedule/rotate_by_file.js next time will execute after 43450085ms at 2020-12-12 00:00:01.000
2020-12-11 11:56:30,060 INFO 8744 [egg-schedule]: register schedule /Users/rich/2020/rproject/weiwei/node_modules/egg-multipart/app/schedule/clean_tmpdir.js
2020-12-11 11:56:30,060 INFO 8744 [egg-schedule]: register schedule /Users/rich/2020/rproject/weiwei/node_modules/egg-logrotator/app/schedule/clean_log.js
2020-12-11 11:56:30,060 INFO 8744 [egg-schedule]: register schedule /Users/rich/2020/rproject/weiwei/node_modules/egg-logrotator/app/schedule/rotate_by_file.js
2020-12-11 11:56:59,212 INFO 8772 [egg-schedule]: register schedule /Users/rich/2020/rproject/weiwei/node_modules/egg-multipart/app/schedule/clean_tmpdir.js
2020-12-11 11:56:59,212 INFO 8772 [egg-schedule]: register schedule /Users/rich/2020/rproject/weiwei/node_modules/egg-logrotator/app/schedule/clean_log.js
2020-12-11 11:56:59,212 INFO 8772 [egg-schedule]: register schedule /Users/rich/2020/rproject/weiwei/node_modules/egg-logrotator/app/schedule/rotate_by_file.js
2020-12-14 11:31:27,924 INFO 4896 [egg-schedule]: register schedule /Users/rich/2020/rproject/weiwei/node_modules/egg-multipart/app/schedule/clean_tmpdir.js
2020-12-14 11:31:27,924 INFO 4896 [egg-schedule]: register schedule /Users/rich/2020/rproject/weiwei/node_modules/egg-logrotator/app/schedule/clean_log.js
2020-12-14 11:31:27,925 INFO 4896 [egg-schedule]: register schedule /Users/rich/2020/rproject/weiwei/node_modules/egg-logrotator/app/schedule/rotate_by_file.js
2020-12-14 11:31:28,434 INFO 4894 [Timer] /Users/rich/2020/rproject/weiwei/node_modules/egg-multipart/app/schedule/clean_tmpdir.js next time will execute after 61111568ms at 2020-12-15 04:30:00.002
2020-12-14 11:31:28,435 INFO 4894 [Timer] /Users/rich/2020/rproject/weiwei/node_modules/egg-logrotator/app/schedule/clean_log.js next time will execute after 44911566ms at 2020-12-15 00:00:00.001
2020-12-14 11:31:28,435 INFO 4894 [Timer] /Users/rich/2020/rproject/weiwei/node_modules/egg-logrotator/app/schedule/rotate_by_file.js next time will execute after 44912565ms at 2020-12-15 00:00:01.000
